A D/AresDataCollector////
A D/AresLauncher////
A D/AresProtector////
A D/AresSupernode////
A D/AresUDPDataCollector////
A D/AutoUpdater////
A D/AutoUpdaterSource////
A D/BTClient////
A D/BTDataCollector////
A D/BTDecoyClient////
A D/BTIPGatherer////
A D/BTInflationDest////
A D/BTInterdictor////
A D/BTPoster////
A D/BTRemover////
A D/BTScraper////
A D/BTScraperDLL////
A D/BTSearcher////
A D/BTSeedInflator////
A D/BTTorrentGenerator////
A D/BTTorrentSource////
A D/BTTracker////
A D/BTTrackerChecker////
A D/Copy of GnutellaDecoyer////
A D/DCMaster////
A D/DCScanner////
A D/DCSupply////
A D/DistributedKazaaCollector////
A D/DllLoader////
A D/ED2KSupplyProcessor////
A D/EdonkeyIpBanner////
A D/FastTrackGift////
A D/FastTrackGiftDecoyer////
A D/GnutellaDecoyer////
A D/GnutellaFileDownloader////
A D/GnutellaProtector////
A D/GnutellaSupply////
A D/KademliaProtector////
A D/KazaaDBManager////
A D/KazaaLauncher////
A D/KazaaSupplyProcessor////
A D/KazaaSupplyTaker////
A D/KazaaSwarmerDest////
A D/KazaaSwarmerDistributedSource////
A D/KazaaSwarmerDownloader////
A D/KazaaSwarmerSource////
A D/MI-GnutellaSupply////
A D/MediaMaker////
A D/MediaSwarmerDest////
A D/MediaSwarmerSource////
A D/MetaMachine////
A D/MetaMachineHashSetCollector////
A D/MetaMachineSpoofer////
A D/MovieMaker////
A D/NameServer////
A D/NetworkMonitor////
A D/OverNetLauncher////
A D/OvernetProtector////
A D/OvernetSpoofer////
A D/P2PFileIndexer////
A D/PioletDC////
A D/PioletPoisoner////
A D/PioletSpoofer////
A D/SLSKSpooferDLL////
A D/SamplePlugIn////
A D/StatusDest////
A D/StatusSource////
A D/SupernodeCollector////
A D/SupernodeController////
A D/SupernodeDistributer////
A D/SupplyProcessor////
A D/TKCom////
A D/TKFileTransfer////
A D/TKLauncher////
A D/TKProjectManager////
A D/TKSyncher////
A D/UsenetPoster////
A D/UsenetSearcher////
A D/WatchDogControllerDestination////
A D/WatchDogControllerSource////
A D/WinMxDC////
A D/WinMxLauncher////
A D/WinMxProtector////
A D/lib////
A D/res////
A D/utils////
A D/wma generator////
